<?xml version="1.0" encoding="UTF-8"?>
<!-- Generated by org.testng.reporters.JUnitXMLReporter -->
<testsuite ignored="0" hostname="LAPTOP-FQMF849E" failures="0" tests="3" name="LoginTest_chrome" time="148.353" errors="0" timestamp="2022-07-16T00:28:41 IST">
  <testcase classname="com.iNetBanking_v1.testCases.TC_LoginPageTest_001_myCode" name="loginTest" time="26.366"/>
  <testcase classname="com.iNetBanking_v1.testCases.TC_AddNewCustomerPageTest_003_myCode" name="addNewCustomer" time="33.502"/>
  <testcase classname="com.iNetBanking_v1.testCases.TC_EditCustomerPageTest_004_myCode" name="editCustomer" time="53.14"/>
</testsuite> <!-- LoginTest_chrome -->
