<?xml version="1.0" encoding="UTF-8"?>
<testng-results ignored="0" total="3" passed="3" failed="0" skipped="0">
  <reporter-output>
  </reporter-output>
  <suite started-at="2022-07-16T00:26:12 IST" name="iNetBanking_v1" finished-at="2022-07-16T00:28:41 IST" duration-ms="148353">
    <groups>
    </groups>
    <test started-at="2022-07-16T00:26:12 IST" name="LoginTest_chrome" finished-at="2022-07-16T00:28:41 IST" duration-ms="148353">
      <class name="com.iNetBanking_v1.testCases.TC_LoginPageTest_001_myCode">
        <test-method is-config="true" signature="setUp(java.lang.String)[pri:0, instance:com.iNetBanking_v1.testCases.TC_LoginPageTest_001_myCode@393671df]" started-at="2022-07-16T00:26:14 IST" name="setUp" finished-at="2022-07-16T00:26:27 IST" duration-ms="13639" status="PASS">
          <params>
            <param index="0">
              <value>
                <![CDATA[chrome]]>
              </value>
            </param>
          </params>
          <reporter-output>
          </reporter-output>
        </test-method> <!-- setUp -->
        <test-method signature="loginTest()[pri:1, instance:com.iNetBanking_v1.testCases.TC_LoginPageTest_001_myCode@393671df]" started-at="2022-07-16T00:26:27 IST" name="loginTest" finished-at="2022-07-16T00:26:54 IST" duration-ms="26366" status="PASS">
          <reporter-output>
          </reporter-output>
        </test-method> <!-- loginTest -->
        <test-method is-config="true" signature="tearDown()[pri:0, instance:com.iNetBanking_v1.testCases.TC_LoginPageTest_001_myCode@393671df]" started-at="2022-07-16T00:26:54 IST" name="tearDown" finished-at="2022-07-16T00:26:54 IST" duration-ms="416" status="PASS">
          <reporter-output>
          </reporter-output>
        </test-method> <!-- tearDown -->
      </class> <!-- com.iNetBanking_v1.testCases.TC_LoginPageTest_001_myCode -->
      <class name="com.iNetBanking_v1.testCases.TC_AddNewCustomerPageTest_003_myCode">
        <test-method is-config="true" signature="setUp(java.lang.String)[pri:0, instance:com.iNetBanking_v1.testCases.TC_AddNewCustomerPageTest_003_myCode@1ab3a8c8]" started-at="2022-07-16T00:26:54 IST" name="setUp" finished-at="2022-07-16T00:27:00 IST" duration-ms="5787" status="PASS">
          <params>
            <param index="0">
              <value>
                <![CDATA[chrome]]>
              </value>
            </param>
          </params>
          <reporter-output>
          </reporter-output>
        </test-method> <!-- setUp -->
        <test-method signature="addNewCustomer()[pri:2, instance:com.iNetBanking_v1.testCases.TC_AddNewCustomerPageTest_003_myCode@1ab3a8c8]" started-at="2022-07-16T00:27:00 IST" name="addNewCustomer" finished-at="2022-07-16T00:27:34 IST" duration-ms="33502" status="PASS">
          <reporter-output>
          </reporter-output>
        </test-method> <!-- addNewCustomer -->
        <test-method is-config="true" signature="tearDown()[pri:0, instance:com.iNetBanking_v1.testCases.TC_AddNewCustomerPageTest_003_myCode@1ab3a8c8]" started-at="2022-07-16T00:27:34 IST" name="tearDown" finished-at="2022-07-16T00:27:34 IST" duration-ms="321" status="PASS">
          <reporter-output>
          </reporter-output>
        </test-method> <!-- tearDown -->
      </class> <!-- com.iNetBanking_v1.testCases.TC_AddNewCustomerPageTest_003_myCode -->
      <class name="com.iNetBanking_v1.testCases.TC_EditCustomerPageTest_004_myCode">
        <test-method is-config="true" signature="setUp(java.lang.String)[pri:0, instance:com.iNetBanking_v1.testCases.TC_EditCustomerPageTest_004_myCode@43195e57]" started-at="2022-07-16T00:27:34 IST" name="setUp" finished-at="2022-07-16T00:27:47 IST" duration-ms="13210" status="PASS">
          <params>
            <param index="0">
              <value>
                <![CDATA[chrome]]>
              </value>
            </param>
          </params>
          <reporter-output>
          </reporter-output>
        </test-method> <!-- setUp -->
        <test-method signature="editCustomer()[pri:3, instance:com.iNetBanking_v1.testCases.TC_EditCustomerPageTest_004_myCode@43195e57]" started-at="2022-07-16T00:27:47 IST" name="editCustomer" finished-at="2022-07-16T00:28:40 IST" duration-ms="53140" status="PASS">
          <reporter-output>
          </reporter-output>
        </test-method> <!-- editCustomer -->
        <test-method is-config="true" signature="tearDown()[pri:0, instance:com.iNetBanking_v1.testCases.TC_EditCustomerPageTest_004_myCode@43195e57]" started-at="2022-07-16T00:28:40 IST" name="tearDown" finished-at="2022-07-16T00:28:41 IST" duration-ms="488" status="PASS">
          <reporter-output>
          </reporter-output>
        </test-method> <!-- tearDown -->
      </class> <!-- com.iNetBanking_v1.testCases.TC_EditCustomerPageTest_004_myCode -->
    </test> <!-- LoginTest_chrome -->
  </suite> <!-- iNetBanking_v1 -->
</testng-results>
