<?xml version="1.0" encoding="UTF-8"?>
<testsuite xmlns:xsi="http://www.w3.org/2001/XMLSchema-instance" xsi:noNamespaceSchemaLocation="https://maven.apache.org/surefire/maven-surefire-plugin/xsd/surefire-test-report.xsd" name="TestSuite" time="150.274" tests="3" errors="0" skipped="0" failures="0">
  <properties>
[...]
</properties>
  <testcase name="loginTest" classname="com.iNetBanking_v1.testCases.TC_LoginPageTest_001_myCode" time="26.394"/>
  <testcase name="addNewCustomer" classname="com.iNetBanking_v1.testCases.TC_AddNewCustomerPageTest_003_myCode" time="33.503"/>
  <testcase name="editCustomer" classname="com.iNetBanking_v1.testCases.TC_EditCustomerPageTest_004_myCode" time="53.141"/>
</testsuite>